<?xml version="1.0" encoding="UTF-8"?>
<!-- Generated by org.testng.reporters.JUnitXMLReporter -->
<testsuite hostname="GEBRUIK-8TMD5HG" ignored="0" name="Sprint1" tests="1" failures="1" timestamp="07 mrt 2017 10:50:52 GMT" time="0.034" errors="0">
  <testcase name="testWordpress" time="0.012" classname="testCases.testcase1">
    <failure type="java.lang.AssertionError" message="expected [true] but found [false]">
      <![CDATA[java.lang.AssertionError: expected [true] but found [false]
	at testCases.testcase1.testWordpress(testcase1.java:12)
... Removed 29 stack frames]]>
    </failure>
  </testcase> <!-- testWordpress -->
</testsuite> <!-- Sprint1 -->
